Loading dataset from: datasets/alpaca_data_cleaned.json
Loaded 51760 samples
Loading OLMo model with lm-eval-harness HFLM: allenai/OLMo-2-0425-1B
Computing perplexity scores with lm-eval-harness HFLM...

==================================================
QUARTILE STATISTICS
==================================================

TOP_25:
  Number of samples: 12940
  Mean perplexity: 3.21
  Std perplexity: 0.57
  Min perplexity: 1.07
  Max perplexity: 4.00

Q25_50:
  Number of samples: 12940
  Mean perplexity: 4.71
  Std perplexity: 0.45
  Min perplexity: 4.00
  Max perplexity: 5.57

Q50_75:
  Number of samples: 12940
  Mean perplexity: 7.50
  Std perplexity: 1.52
  Min perplexity: 5.57
  Max perplexity: 11.13

BOTTOM_25:
  Number of samples: 12940
  Mean perplexity: 4515252298.37
  Std perplexity: 233541955157.46
  Min perplexity: 11.14
  Max perplexity: 22282893514989.97
Saved 12940 samples to datasets/quartiles/top_25.json
  Perplexity range: 1.07 to 4.00
Saved 12940 samples to datasets/quartiles/q25_50.json
  Perplexity range: 4.00 to 5.57
Saved 12940 samples to datasets/quartiles/q50_75.json
  Perplexity range: 5.57 to 11.13
Saved 12940 samples to datasets/quartiles/bottom_25.json
  Perplexity range: 11.14 to 22282893514989.97

Processing complete! Quartiles saved to datasets/quartiles/
