Loading dataset from: /home/catheri4/experiments/alpaca_partition/alpaca_split_perplexity/datasets/alpaca_data_cleaned.json
Loaded 51760 samples
Limited to 10 samples for testing
Loading OLMo model with lm-eval-harness HFLM: allenai/OLMo-2-0425-1B
Computing LL scores with lm-eval-harness HFLM...
Computing LL scores with lm_metrics...

==================================================
LM-EVAL-HARNESS LL FUNCTION STATISTICS
==================================================
  Sample 0 LL: -233.68270874023438
  Sample 1 LL: -115.61581420898438
  Sample 2 LL: -252.22039794921875
  Sample 3 LL: -425.5455322265625
  Sample 4 LL: -265.91412353515625
  Sample 5 LL: -537.7958984375
  Sample 6 LL: -228.0049285888672
  Sample 7 LL: -504.2755126953125
  Sample 8 LL: -137.81607055664062
  Sample 9 LL: -252.21287536621094

==================================================
LM_METRIC LL FUNCTION STATISTICS
==================================================
  Sample 0 LL: -230.954345703125
  Sample 1 LL: -108.2696533203125
  Sample 2 LL: -267.8531188964844
  Sample 3 LL: -414.8857727050781
  Sample 4 LL: -255.97442626953125
  Sample 5 LL: -522.618408203125
  Sample 6 LL: -221.7535400390625
  Sample 7 LL: -509.31951904296875
  Sample 8 LL: -125.74236297607422
  Sample 9 LL: -254.17718505859375
