Loading dataset from: /data/user_data/catheri4/datasets/alpaca/alpaca_data_cleaned_train.json
Loaded 43996 samples
Loading OLMo model with lm-eval-harness HFLM: allenai/OLMo-2-0425-1B
Computing mean LL (mll) scores with lm_metrics...

==================================================
QUARTILE STATISTICS
==================================================

TOP_25:
  Number of samples: 10999
  Mean MLL: -0.94
  Std MLL: 0.21
  Min MLL: -1.20
  Max MLL: -0.04

Q25_50:
  Number of samples: 10999
  Mean MLL: -1.34
  Std MLL: 0.08
  Min MLL: -1.48
  Max MLL: -1.20

Q50_75:
  Number of samples: 10999
  Mean MLL: -1.64
  Std MLL: 0.11
  Min MLL: -1.85
  Max MLL: -1.48

BOTTOM_25:
  Number of samples: 10999
  Mean MLL: -2.64
  Std MLL: 1.07
  Min MLL: -18.62
  Max MLL: -1.85
Saved 10999 samples to /data/user_data/catheri4/datasets/alpaca/mll_quartiles_train/top_25.json
  Mean loglikelihood range: -0.04 to -1.20
Saved 10999 samples to /data/user_data/catheri4/datasets/alpaca/mll_quartiles_train/q25_50.json
  Mean loglikelihood range: -1.20 to -1.48
Saved 10999 samples to /data/user_data/catheri4/datasets/alpaca/mll_quartiles_train/q50_75.json
  Mean loglikelihood range: -1.48 to -1.85
Saved 10999 samples to /data/user_data/catheri4/datasets/alpaca/mll_quartiles_train/bottom_25.json
  Mean loglikelihood range: -1.85 to -18.62

Processing complete! Quartiles saved to /data/user_data/catheri4/datasets/alpaca/mll_quartiles_train/
